{"E:\\DUOC\\david\\backend-definitivo-coachai\\src\\app.js": {"path":"E:\\DUOC\\david\\backend-definitivo-coachai\\src\\app.js","statementMap":{"0":{"start":{"line":1,"column":16},"end":{"line":1,"column":34}},"1":{"start":{"line":2,"column":13},"end":{"line":2,"column":28}},"2":{"start":{"line":4,"column":12},"end":{"line":4,"column":21}},"3":{"start":{"line":7,"column":13},"end":{"line":7,"column":37}},"4":{"start":{"line":10,"column":0},"end":{"line":15,"column":4}},"5":{"start":{"line":17,"column":0},"end":{"line":17,"column":24}},"6":{"start":{"line":20,"column":0},"end":{"line":20,"column":43}},"7":{"start":{"line":21,"column":0},"end":{"line":21,"column":54}},"8":{"start":{"line":22,"column":0},"end":{"line":22,"column":58}},"9":{"start":{"line":23,"column":0},"end":{"line":23,"column":54}},"10":{"start":{"line":24,"column":0},"end":{"line":24,"column":55}},"11":{"start":{"line":25,"column":0},"end":{"line":25,"column":55}},"12":{"start":{"line":28,"column":0},"end":{"line":34,"column":3}},"13":{"start":{"line":29,"column":4},"end":{"line":33,"column":7}},"14":{"start":{"line":37,"column":0},"end":{"line":42,"column":1}},"15":{"start":{"line":38,"column":4},"end":{"line":41,"column":7}},"16":{"start":{"line":39,"column":8},"end":{"line":39,"column":61}},"17":{"start":{"line":40,"column":8},"end":{"line":40,"column":46}},"18":{"start":{"line":44,"column":0},"end":{"line":44,"column":21}}},"fnMap":{"0":{"name":"(anonymous_0)","decl":{"start":{"line":28,"column":13},"end":{"line":28,"column":14}},"loc":{"start":{"line":28,"column":27},"end":{"line":34,"column":1}},"line":28},"1":{"name":"(anonymous_1)","decl":{"start":{"line":38,"column":21},"end":{"line":38,"column":22}},"loc":{"start":{"line":38,"column":27},"end":{"line":41,"column":5}},"line":38}},"branchMap":{"0":{"loc":{"start":{"line":7,"column":13},"end":{"line":7,"column":37}},"type":"binary-expr","locations":[{"start":{"line":7,"column":13},"end":{"line":7,"column":29}},{"start":{"line":7,"column":33},"end":{"line":7,"column":37}}],"line":7},"1":{"loc":{"start":{"line":37,"column":0},"end":{"line":42,"column":1}},"type":"if","locations":[{"start":{"line":37,"column":0},"end":{"line":42,"column":1}},{"start":{},"end":{}}],"line":37}},"s":{"0":2,"1":2,"2":2,"3":2,"4":2,"5":2,"6":2,"7":2,"8":2,"9":2,"10":2,"11":2,"12":2,"13":4,"14":2,"15":0,"16":0,"17":0,"18":2},"f":{"0":4,"1":0},"b":{"0":[2,2],"1":[0,2]},"_coverageSchema":"1a1c01bbd47fc00a2c39e90264f33305004495a9","hash":"0becc3c4f562ad4a84719e4ebd81c0abbcf19641"}
,"E:\\DUOC\\david\\backend-definitivo-coachai\\src\\config\\supabaseClient.js": {"path":"E:\\DUOC\\david\\backend-definitivo-coachai\\src\\config\\supabaseClient.js","statementMap":{"0":{"start":{"line":1,"column":25},"end":{"line":1,"column":57}},"1":{"start":{"line":2,"column":15},"end":{"line":2,"column":32}},"2":{"start":{"line":3,"column":13},"end":{"line":3,"column":28}},"3":{"start":{"line":7,"column":16},"end":{"line":7,"column":50}},"4":{"start":{"line":8,"column":0},"end":{"line":8,"column":33}},"5":{"start":{"line":11,"column":20},"end":{"line":11,"column":77}},"6":{"start":{"line":12,"column":20},"end":{"line":12,"column":128}},"7":{"start":{"line":15,"column":0},"end":{"line":21,"column":1}},"8":{"start":{"line":16,"column":4},"end":{"line":16,"column":49}},"9":{"start":{"line":17,"column":4},"end":{"line":17,"column":42}},"10":{"start":{"line":18,"column":4},"end":{"line":18,"column":66}},"11":{"start":{"line":19,"column":4},"end":{"line":19,"column":66}},"12":{"start":{"line":20,"column":4},"end":{"line":20,"column":47}},"13":{"start":{"line":24,"column":0},"end":{"line":27,"column":1}},"14":{"start":{"line":25,"column":4},"end":{"line":25,"column":80}},"15":{"start":{"line":26,"column":4},"end":{"line":26,"column":20}},"16":{"start":{"line":29,"column":17},"end":{"line":29,"column":55}},"17":{"start":{"line":31,"column":0},"end":{"line":31,"column":26}}},"fnMap":{},"branchMap":{"0":{"loc":{"start":{"line":11,"column":20},"end":{"line":11,"column":77}},"type":"binary-expr","locations":[{"start":{"line":11,"column":20},"end":{"line":11,"column":44}},{"start":{"line":11,"column":48},"end":{"line":11,"column":77}}],"line":11},"1":{"loc":{"start":{"line":12,"column":20},"end":{"line":12,"column":128}},"type":"binary-expr","locations":[{"start":{"line":12,"column":20},"end":{"line":12,"column":49}},{"start":{"line":12,"column":53},"end":{"line":12,"column":90}},{"start":{"line":12,"column":94},"end":{"line":12,"column":128}}],"line":12},"2":{"loc":{"start":{"line":15,"column":0},"end":{"line":21,"column":1}},"type":"if","locations":[{"start":{"line":15,"column":0},"end":{"line":21,"column":1}},{"start":{},"end":{}}],"line":15},"3":{"loc":{"start":{"line":18,"column":24},"end":{"line":18,"column":64}},"type":"cond-expr","locations":[{"start":{"line":18,"column":38},"end":{"line":18,"column":44}},{"start":{"line":18,"column":47},"end":{"line":18,"column":64}}],"line":18},"4":{"loc":{"start":{"line":19,"column":24},"end":{"line":19,"column":64}},"type":"cond-expr","locations":[{"start":{"line":19,"column":38},"end":{"line":19,"column":44}},{"start":{"line":19,"column":47},"end":{"line":19,"column":64}}],"line":19},"5":{"loc":{"start":{"line":24,"column":0},"end":{"line":27,"column":1}},"type":"if","locations":[{"start":{"line":24,"column":0},"end":{"line":27,"column":1}},{"start":{},"end":{}}],"line":24},"6":{"loc":{"start":{"line":24,"column":4},"end":{"line":24,"column":32}},"type":"binary-expr","locations":[{"start":{"line":24,"column":4},"end":{"line":24,"column":16}},{"start":{"line":24,"column":20},"end":{"line":24,"column":32}}],"line":24}},"s":{"0":10,"1":10,"2":10,"3":10,"4":10,"5":10,"6":10,"7":10,"8":0,"9":0,"10":0,"11":0,"12":0,"13":10,"14":0,"15":0,"16":10,"17":10},"f":{},"b":{"0":[10,0],"1":[10,0,0],"2":[0,10],"3":[0,0],"4":[0,0],"5":[0,10],"6":[10,10]},"_coverageSchema":"1a1c01bbd47fc00a2c39e90264f33305004495a9","hash":"4a6311f631ccfd579b66865370a425858789c7b7"}
,"E:\\DUOC\\david\\backend-definitivo-coachai\\src\\controllers\\adjustmentController.js": {"path":"E:\\DUOC\\david\\backend-definitivo-coachai\\src\\controllers\\adjustmentController.js","statementMap":{"0":{"start":{"line":1,"column":15},"end":{"line":1,"column":32}},"1":{"start":{"line":2,"column":17},"end":{"line":2,"column":52}},"2":{"start":{"line":4,"column":15},"end":{"line":6,"column":2}},"3":{"start":{"line":8,"column":25},"end":{"line":110,"column":1}},"4":{"start":{"line":9,"column":4},"end":{"line":11,"column":5}},"5":{"start":{"line":10,"column":8},"end":{"line":10,"column":78}},"6":{"start":{"line":13,"column":19},"end":{"line":13,"column":30}},"7":{"start":{"line":14,"column":26},"end":{"line":14,"column":34}},"8":{"start":{"line":16,"column":4},"end":{"line":109,"column":5}},"9":{"start":{"line":17,"column":8},"end":{"line":17,"column":72}},"10":{"start":{"line":20,"column":55},"end":{"line":24,"column":21}},"11":{"start":{"line":26,"column":8},"end":{"line":26,"column":93}},"12":{"start":{"line":26,"column":26},"end":{"line":26,"column":93}},"13":{"start":{"line":29,"column":55},"end":{"line":42,"column":21}},"14":{"start":{"line":44,"column":8},"end":{"line":44,"column":93}},"15":{"start":{"line":44,"column":26},"end":{"line":44,"column":93}},"16":{"start":{"line":46,"column":8},"end":{"line":52,"column":9}},"17":{"start":{"line":47,"column":12},"end":{"line":51,"column":15}},"18":{"start":{"line":55,"column":23},"end":{"line":91,"column":9}},"19":{"start":{"line":63,"column":47},"end":{"line":70,"column":9}},"20":{"start":{"line":65,"column":49},"end":{"line":69,"column":13}},"21":{"start":{"line":94,"column":27},"end":{"line":99,"column":10}},"22":{"start":{"line":101,"column":25},"end":{"line":101,"column":74}},"23":{"start":{"line":103,"column":8},"end":{"line":103,"column":69}},"24":{"start":{"line":104,"column":8},"end":{"line":104,"column":27}},"25":{"start":{"line":107,"column":8},"end":{"line":107,"column":53}},"26":{"start":{"line":108,"column":8},"end":{"line":108,"column":55}},"27":{"start":{"line":112,"column":0},"end":{"line":114,"column":2}}},"fnMap":{"0":{"name":"(anonymous_0)","decl":{"start":{"line":8,"column":25},"end":{"line":8,"column":26}},"loc":{"start":{"line":8,"column":45},"end":{"line":110,"column":1}},"line":8},"1":{"name":"(anonymous_1)","decl":{"start":{"line":63,"column":41},"end":{"line":63,"column":42}},"loc":{"start":{"line":63,"column":47},"end":{"line":70,"column":9}},"line":63},"2":{"name":"(anonymous_2)","decl":{"start":{"line":65,"column":43},"end":{"line":65,"column":44}},"loc":{"start":{"line":65,"column":49},"end":{"line":69,"column":13}},"line":65}},"branchMap":{"0":{"loc":{"start":{"line":9,"column":4},"end":{"line":11,"column":5}},"type":"if","locations":[{"start":{"line":9,"column":4},"end":{"line":11,"column":5}},{"start":{},"end":{}}],"line":9},"1":{"loc":{"start":{"line":9,"column":8},"end":{"line":9,"column":33}},"type":"binary-expr","locations":[{"start":{"line":9,"column":8},"end":{"line":9,"column":17}},{"start":{"line":9,"column":21},"end":{"line":9,"column":33}}],"line":9},"2":{"loc":{"start":{"line":26,"column":8},"end":{"line":26,"column":93}},"type":"if","locations":[{"start":{"line":26,"column":8},"end":{"line":26,"column":93}},{"start":{},"end":{}}],"line":26},"3":{"loc":{"start":{"line":44,"column":8},"end":{"line":44,"column":93}},"type":"if","locations":[{"start":{"line":44,"column":8},"end":{"line":44,"column":93}},{"start":{},"end":{}}],"line":44},"4":{"loc":{"start":{"line":46,"column":8},"end":{"line":52,"column":9}},"type":"if","locations":[{"start":{"line":46,"column":8},"end":{"line":52,"column":9}},{"start":{},"end":{}}],"line":46},"5":{"loc":{"start":{"line":46,"column":12},"end":{"line":46,"column":44}},"type":"binary-expr","locations":[{"start":{"line":46,"column":12},"end":{"line":46,"column":20}},{"start":{"line":46,"column":24},"end":{"line":46,"column":44}}],"line":46}},"s":{"0":3,"1":3,"2":3,"3":3,"4":4,"5":2,"6":2,"7":2,"8":2,"9":2,"10":2,"11":2,"12":0,"13":2,"14":2,"15":0,"16":2,"17":1,"18":1,"19":1,"20":1,"21":1,"22":1,"23":1,"24":1,"25":0,"26":0,"27":3},"f":{"0":4,"1":1,"2":1},"b":{"0":[2,2],"1":[4,3],"2":[0,2],"3":[0,2],"4":[1,1],"5":[2,2]},"_coverageSchema":"1a1c01bbd47fc00a2c39e90264f33305004495a9","hash":"08a9f80613c539066b39ee2115a346eead170a1f"}
,"E:\\DUOC\\david\\backend-definitivo-coachai\\src\\controllers\\aiController.js": {"path":"E:\\DUOC\\david\\backend-definitivo-coachai\\src\\controllers\\aiController.js","statementMap":{"0":{"start":{"line":1,"column":15},"end":{"line":1,"column":32}},"1":{"start":{"line":2,"column":17},"end":{"line":2,"column":52}},"2":{"start":{"line":5,"column":15},"end":{"line":7,"column":2}},"3":{"start":{"line":10,"column":13},"end":{"line":63,"column":1}},"4":{"start":{"line":11,"column":4},"end":{"line":62,"column":5}},"5":{"start":{"line":12,"column":29},"end":{"line":12,"column":37}},"6":{"start":{"line":15,"column":29},"end":{"line":43,"column":9}},"7":{"start":{"line":45,"column":25},"end":{"line":50,"column":10}},"8":{"start":{"line":52,"column":23},"end":{"line":52,"column":70}},"9":{"start":{"line":53,"column":8},"end":{"line":57,"column":11}},"10":{"start":{"line":60,"column":8},"end":{"line":60,"column":51}},"11":{"start":{"line":61,"column":8},"end":{"line":61,"column":71}},"12":{"start":{"line":66,"column":24},"end":{"line":119,"column":1}},"13":{"start":{"line":67,"column":45},"end":{"line":67,"column":53}},"14":{"start":{"line":69,"column":4},"end":{"line":118,"column":5}},"15":{"start":{"line":70,"column":23},"end":{"line":101,"column":9}},"16":{"start":{"line":103,"column":27},"end":{"line":108,"column":10}},"17":{"start":{"line":110,"column":28},"end":{"line":110,"column":77}},"18":{"start":{"line":113,"column":8},"end":{"line":113,"column":30}},"19":{"start":{"line":116,"column":8},"end":{"line":116,"column":58}},"20":{"start":{"line":117,"column":8},"end":{"line":117,"column":55}},"21":{"start":{"line":121,"column":0},"end":{"line":124,"column":2}}},"fnMap":{"0":{"name":"(anonymous_0)","decl":{"start":{"line":10,"column":13},"end":{"line":10,"column":14}},"loc":{"start":{"line":10,"column":33},"end":{"line":63,"column":1}},"line":10},"1":{"name":"(anonymous_1)","decl":{"start":{"line":66,"column":24},"end":{"line":66,"column":25}},"loc":{"start":{"line":66,"column":44},"end":{"line":119,"column":1}},"line":66}},"branchMap":{"0":{"loc":{"start":{"line":75,"column":26},"end":{"line":75,"column":43}},"type":"binary-expr","locations":[{"start":{"line":75,"column":26},"end":{"line":75,"column":30}},{"start":{"line":75,"column":34},"end":{"line":75,"column":43}}],"line":75},"1":{"loc":{"start":{"line":76,"column":23},"end":{"line":76,"column":46}},"type":"binary-expr","locations":[{"start":{"line":76,"column":23},"end":{"line":76,"column":28}},{"start":{"line":76,"column":32},"end":{"line":76,"column":46}}],"line":76},"2":{"loc":{"start":{"line":77,"column":22},"end":{"line":77,"column":31}},"type":"binary-expr","locations":[{"start":{"line":77,"column":22},"end":{"line":77,"column":26}},{"start":{"line":77,"column":30},"end":{"line":77,"column":31}}],"line":77},"3":{"loc":{"start":{"line":78,"column":24},"end":{"line":78,"column":54}},"type":"binary-expr","locations":[{"start":{"line":78,"column":24},"end":{"line":78,"column":33}},{"start":{"line":78,"column":37},"end":{"line":78,"column":54}}],"line":78}},"s":{"0":3,"1":3,"2":3,"3":3,"4":2,"5":2,"6":2,"7":2,"8":1,"9":1,"10":1,"11":1,"12":3,"13":2,"14":2,"15":2,"16":2,"17":1,"18":1,"19":1,"20":1,"21":3},"f":{"0":2,"1":2},"b":{"0":[2,1],"1":[2,1],"2":[2,1],"3":[2,1]},"_coverageSchema":"1a1c01bbd47fc00a2c39e90264f33305004495a9","hash":"3820a93e727616d93ad84d89a080cae3baf88bfc"}
,"E:\\DUOC\\david\\backend-definitivo-coachai\\src\\controllers\\auth.controller.js": {"path":"E:\\DUOC\\david\\backend-definitivo-coachai\\src\\controllers\\auth.controller.js","statementMap":{"0":{"start":{"line":1,"column":17},"end":{"line":1,"column":52}},"1":{"start":{"line":3,"column":0},"end":{"line":24,"column":2}},"2":{"start":{"line":4,"column":32},"end":{"line":4,"column":40}},"3":{"start":{"line":6,"column":4},"end":{"line":23,"column":5}},"4":{"start":{"line":7,"column":32},"end":{"line":10,"column":10}},"5":{"start":{"line":12,"column":8},"end":{"line":14,"column":9}},"6":{"start":{"line":13,"column":12},"end":{"line":13,"column":66}},"7":{"start":{"line":16,"column":8},"end":{"line":19,"column":11}},"8":{"start":{"line":21,"column":8},"end":{"line":21,"column":54}},"9":{"start":{"line":22,"column":8},"end":{"line":22,"column":70}},"10":{"start":{"line":26,"column":0},"end":{"line":49,"column":2}},"11":{"start":{"line":27,"column":38},"end":{"line":27,"column":46}},"12":{"start":{"line":29,"column":4},"end":{"line":48,"column":5}},"13":{"start":{"line":30,"column":32},"end":{"line":38,"column":10}},"14":{"start":{"line":40,"column":8},"end":{"line":42,"column":9}},"15":{"start":{"line":41,"column":12},"end":{"line":41,"column":66}},"16":{"start":{"line":44,"column":8},"end":{"line":44,"column":40}},"17":{"start":{"line":46,"column":8},"end":{"line":46,"column":57}},"18":{"start":{"line":47,"column":8},"end":{"line":47,"column":70}}},"fnMap":{"0":{"name":"(anonymous_0)","decl":{"start":{"line":3,"column":16},"end":{"line":3,"column":17}},"loc":{"start":{"line":3,"column":36},"end":{"line":24,"column":1}},"line":3},"1":{"name":"(anonymous_1)","decl":{"start":{"line":26,"column":19},"end":{"line":26,"column":20}},"loc":{"start":{"line":26,"column":39},"end":{"line":49,"column":1}},"line":26}},"branchMap":{"0":{"loc":{"start":{"line":12,"column":8},"end":{"line":14,"column":9}},"type":"if","locations":[{"start":{"line":12,"column":8},"end":{"line":14,"column":9}},{"start":{},"end":{}}],"line":12},"1":{"loc":{"start":{"line":40,"column":8},"end":{"line":42,"column":9}},"type":"if","locations":[{"start":{"line":40,"column":8},"end":{"line":42,"column":9}},{"start":{},"end":{}}],"line":40}},"s":{"0":3,"1":3,"2":6,"3":6,"4":6,"5":5,"6":4,"7":1,"8":1,"9":1,"10":3,"11":4,"12":4,"13":4,"14":3,"15":2,"16":1,"17":1,"18":1},"f":{"0":6,"1":4},"b":{"0":[4,1],"1":[2,1]},"_coverageSchema":"1a1c01bbd47fc00a2c39e90264f33305004495a9","hash":"899b09316dfa41c5b8ffe5855d164d06e2077d47"}
,"E:\\DUOC\\david\\backend-definitivo-coachai\\src\\controllers\\exerciseController.js": {"path":"E:\\DUOC\\david\\backend-definitivo-coachai\\src\\controllers\\exerciseController.js","statementMap":{"0":{"start":{"line":1,"column":17},"end":{"line":1,"column":52}},"1":{"start":{"line":3,"column":24},"end":{"line":19,"column":1}},"2":{"start":{"line":4,"column":4},"end":{"line":18,"column":5}},"3":{"start":{"line":5,"column":23},"end":{"line":5,"column":34}},"4":{"start":{"line":8,"column":32},"end":{"line":12,"column":47}},"5":{"start":{"line":14,"column":8},"end":{"line":14,"column":31}},"6":{"start":{"line":14,"column":19},"end":{"line":14,"column":31}},"7":{"start":{"line":15,"column":8},"end":{"line":15,"column":23}},"8":{"start":{"line":17,"column":8},"end":{"line":17,"column":55}},"9":{"start":{"line":21,"column":23},"end":{"line":43,"column":1}},"10":{"start":{"line":22,"column":4},"end":{"line":42,"column":5}},"11":{"start":{"line":23,"column":23},"end":{"line":23,"column":34}},"12":{"start":{"line":24,"column":74},"end":{"line":24,"column":82}},"13":{"start":{"line":26,"column":32},"end":{"line":36,"column":21}},"14":{"start":{"line":38,"column":8},"end":{"line":38,"column":31}},"15":{"start":{"line":38,"column":19},"end":{"line":38,"column":31}},"16":{"start":{"line":39,"column":8},"end":{"line":39,"column":38}},"17":{"start":{"line":41,"column":8},"end":{"line":41,"column":55}},"18":{"start":{"line":46,"column":23},"end":{"line":57,"column":1}},"19":{"start":{"line":47,"column":19},"end":{"line":47,"column":30}},"20":{"start":{"line":48,"column":19},"end":{"line":48,"column":29}},"21":{"start":{"line":49,"column":22},"end":{"line":53,"column":30}},"22":{"start":{"line":55,"column":4},"end":{"line":55,"column":69}},"23":{"start":{"line":55,"column":15},"end":{"line":55,"column":69}},"24":{"start":{"line":56,"column":4},"end":{"line":56,"column":41}},"25":{"start":{"line":59,"column":23},"end":{"line":70,"column":1}},"26":{"start":{"line":60,"column":19},"end":{"line":60,"column":30}},"27":{"start":{"line":61,"column":19},"end":{"line":61,"column":29}},"28":{"start":{"line":62,"column":22},"end":{"line":66,"column":30}},"29":{"start":{"line":68,"column":4},"end":{"line":68,"column":69}},"30":{"start":{"line":68,"column":15},"end":{"line":68,"column":69}},"31":{"start":{"line":69,"column":4},"end":{"line":69,"column":39}},"32":{"start":{"line":72,"column":0},"end":{"line":77,"column":2}}},"fnMap":{"0":{"name":"(anonymous_0)","decl":{"start":{"line":3,"column":24},"end":{"line":3,"column":25}},"loc":{"start":{"line":3,"column":44},"end":{"line":19,"column":1}},"line":3},"1":{"name":"(anonymous_1)","decl":{"start":{"line":21,"column":23},"end":{"line":21,"column":24}},"loc":{"start":{"line":21,"column":43},"end":{"line":43,"column":1}},"line":21},"2":{"name":"(anonymous_2)","decl":{"start":{"line":46,"column":23},"end":{"line":46,"column":24}},"loc":{"start":{"line":46,"column":43},"end":{"line":57,"column":1}},"line":46},"3":{"name":"(anonymous_3)","decl":{"start":{"line":59,"column":23},"end":{"line":59,"column":24}},"loc":{"start":{"line":59,"column":43},"end":{"line":70,"column":1}},"line":59}},"branchMap":{"0":{"loc":{"start":{"line":14,"column":8},"end":{"line":14,"column":31}},"type":"if","locations":[{"start":{"line":14,"column":8},"end":{"line":14,"column":31}},{"start":{},"end":{}}],"line":14},"1":{"loc":{"start":{"line":38,"column":8},"end":{"line":38,"column":31}},"type":"if","locations":[{"start":{"line":38,"column":8},"end":{"line":38,"column":31}},{"start":{},"end":{}}],"line":38},"2":{"loc":{"start":{"line":55,"column":4},"end":{"line":55,"column":69}},"type":"if","locations":[{"start":{"line":55,"column":4},"end":{"line":55,"column":69}},{"start":{},"end":{}}],"line":55},"3":{"loc":{"start":{"line":68,"column":4},"end":{"line":68,"column":69}},"type":"if","locations":[{"start":{"line":68,"column":4},"end":{"line":68,"column":69}},{"start":{},"end":{}}],"line":68}},"s":{"0":3,"1":3,"2":2,"3":2,"4":2,"5":2,"6":1,"7":1,"8":1,"9":3,"10":2,"11":2,"12":2,"13":2,"14":2,"15":1,"16":1,"17":1,"18":3,"19":1,"20":1,"21":1,"22":1,"23":0,"24":1,"25":3,"26":1,"27":1,"28":1,"29":1,"30":0,"31":1,"32":3},"f":{"0":2,"1":2,"2":1,"3":1},"b":{"0":[1,1],"1":[1,1],"2":[0,1],"3":[0,1]},"_coverageSchema":"1a1c01bbd47fc00a2c39e90264f33305004495a9","hash":"a574a4bacc04567e839f32f9f2c80cc6a31d94a2"}
,"E:\\DUOC\\david\\backend-definitivo-coachai\\src\\controllers\\routineController.js": {"path":"E:\\DUOC\\david\\backend-definitivo-coachai\\src\\controllers\\routineController.js","statementMap":{"0":{"start":{"line":3,"column":17},"end":{"line":3,"column":52}},"1":{"start":{"line":11,"column":23},"end":{"line":36,"column":1}},"2":{"start":{"line":12,"column":4},"end":{"line":35,"column":5}},"3":{"start":{"line":13,"column":23},"end":{"line":13,"column":34}},"4":{"start":{"line":15,"column":32},"end":{"line":28,"column":54}},"5":{"start":{"line":30,"column":8},"end":{"line":30,"column":31}},"6":{"start":{"line":30,"column":19},"end":{"line":30,"column":31}},"7":{"start":{"line":31,"column":8},"end":{"line":31,"column":23}},"8":{"start":{"line":33,"column":8},"end":{"line":33,"column":65}},"9":{"start":{"line":34,"column":8},"end":{"line":34,"column":55}},"10":{"start":{"line":39,"column":23},"end":{"line":67,"column":1}},"11":{"start":{"line":40,"column":4},"end":{"line":66,"column":5}},"12":{"start":{"line":41,"column":23},"end":{"line":41,"column":34}},"13":{"start":{"line":42,"column":23},"end":{"line":42,"column":33}},"14":{"start":{"line":44,"column":32},"end":{"line":58,"column":21}},"15":{"start":{"line":60,"column":8},"end":{"line":60,"column":31}},"16":{"start":{"line":60,"column":19},"end":{"line":60,"column":31}},"17":{"start":{"line":61,"column":8},"end":{"line":61,"column":82}},"18":{"start":{"line":61,"column":19},"end":{"line":61,"column":82}},"19":{"start":{"line":63,"column":8},"end":{"line":63,"column":23}},"20":{"start":{"line":65,"column":8},"end":{"line":65,"column":55}},"21":{"start":{"line":70,"column":22},"end":{"line":159,"column":1}},"22":{"start":{"line":71,"column":4},"end":{"line":158,"column":5}},"23":{"start":{"line":72,"column":23},"end":{"line":72,"column":34}},"24":{"start":{"line":73,"column":52},"end":{"line":73,"column":60}},"25":{"start":{"line":76,"column":59},"end":{"line":80,"column":21}},"26":{"start":{"line":82,"column":8},"end":{"line":82,"column":45}},"27":{"start":{"line":82,"column":26},"end":{"line":82,"column":45}},"28":{"start":{"line":83,"column":26},"end":{"line":83,"column":40}},"29":{"start":{"line":86,"column":8},"end":{"line":152,"column":9}},"30":{"start":{"line":87,"column":12},"end":{"line":151,"column":13}},"31":{"start":{"line":88,"column":59},"end":{"line":92,"column":29}},"32":{"start":{"line":94,"column":16},"end":{"line":97,"column":17}},"33":{"start":{"line":95,"column":20},"end":{"line":95,"column":75}},"34":{"start":{"line":96,"column":20},"end":{"line":96,"column":29}},"35":{"start":{"line":99,"column":30},"end":{"line":99,"column":40}},"36":{"start":{"line":102,"column":16},"end":{"line":150,"column":17}},"37":{"start":{"line":103,"column":20},"end":{"line":149,"column":21}},"38":{"start":{"line":104,"column":41},"end":{"line":104,"column":55}},"39":{"start":{"line":107,"column":24},"end":{"line":131,"column":25}},"40":{"start":{"line":108,"column":55},"end":{"line":114,"column":46}},"41":{"start":{"line":116,"column":28},"end":{"line":130,"column":29}},"42":{"start":{"line":117,"column":32},"end":{"line":117,"column":57}},"43":{"start":{"line":119,"column":76},"end":{"line":127,"column":54}},"44":{"start":{"line":129,"column":32},"end":{"line":129,"column":81}},"45":{"start":{"line":129,"column":59},"end":{"line":129,"column":81}},"46":{"start":{"line":134,"column":24},"end":{"line":148,"column":25}},"47":{"start":{"line":135,"column":55},"end":{"line":146,"column":34}},"48":{"start":{"line":147,"column":28},"end":{"line":147,"column":104}},"49":{"start":{"line":147,"column":41},"end":{"line":147,"column":104}},"50":{"start":{"line":154,"column":8},"end":{"line":154,"column":94}},"51":{"start":{"line":156,"column":8},"end":{"line":156,"column":64}},"52":{"start":{"line":157,"column":8},"end":{"line":157,"column":55}},"53":{"start":{"line":162,"column":22},"end":{"line":178,"column":1}},"54":{"start":{"line":163,"column":4},"end":{"line":177,"column":5}},"55":{"start":{"line":164,"column":23},"end":{"line":164,"column":34}},"56":{"start":{"line":165,"column":23},"end":{"line":165,"column":33}},"57":{"start":{"line":167,"column":26},"end":{"line":171,"column":34}},"58":{"start":{"line":173,"column":8},"end":{"line":173,"column":31}},"59":{"start":{"line":173,"column":19},"end":{"line":173,"column":31}},"60":{"start":{"line":174,"column":8},"end":{"line":174,"column":64}},"61":{"start":{"line":176,"column":8},"end":{"line":176,"column":55}},"62":{"start":{"line":181,"column":0},"end":{"line":186,"column":2}}},"fnMap":{"0":{"name":"(anonymous_0)","decl":{"start":{"line":11,"column":23},"end":{"line":11,"column":24}},"loc":{"start":{"line":11,"column":43},"end":{"line":36,"column":1}},"line":11},"1":{"name":"(anonymous_1)","decl":{"start":{"line":39,"column":23},"end":{"line":39,"column":24}},"loc":{"start":{"line":39,"column":43},"end":{"line":67,"column":1}},"line":39},"2":{"name":"(anonymous_2)","decl":{"start":{"line":70,"column":22},"end":{"line":70,"column":23}},"loc":{"start":{"line":70,"column":42},"end":{"line":159,"column":1}},"line":70},"3":{"name":"(anonymous_3)","decl":{"start":{"line":162,"column":22},"end":{"line":162,"column":23}},"loc":{"start":{"line":162,"column":42},"end":{"line":178,"column":1}},"line":162}},"branchMap":{"0":{"loc":{"start":{"line":30,"column":8},"end":{"line":30,"column":31}},"type":"if","locations":[{"start":{"line":30,"column":8},"end":{"line":30,"column":31}},{"start":{},"end":{}}],"line":30},"1":{"loc":{"start":{"line":60,"column":8},"end":{"line":60,"column":31}},"type":"if","locations":[{"start":{"line":60,"column":8},"end":{"line":60,"column":31}},{"start":{},"end":{}}],"line":60},"2":{"loc":{"start":{"line":61,"column":8},"end":{"line":61,"column":82}},"type":"if","locations":[{"start":{"line":61,"column":8},"end":{"line":61,"column":82}},{"start":{},"end":{}}],"line":61},"3":{"loc":{"start":{"line":82,"column":8},"end":{"line":82,"column":45}},"type":"if","locations":[{"start":{"line":82,"column":8},"end":{"line":82,"column":45}},{"start":{},"end":{}}],"line":82},"4":{"loc":{"start":{"line":86,"column":8},"end":{"line":152,"column":9}},"type":"if","locations":[{"start":{"line":86,"column":8},"end":{"line":152,"column":9}},{"start":{},"end":{}}],"line":86},"5":{"loc":{"start":{"line":86,"column":12},"end":{"line":86,"column":58}},"type":"binary-expr","locations":[{"start":{"line":86,"column":12},"end":{"line":86,"column":16}},{"start":{"line":86,"column":20},"end":{"line":86,"column":39}},{"start":{"line":86,"column":43},"end":{"line":86,"column":58}}],"line":86},"6":{"loc":{"start":{"line":94,"column":16},"end":{"line":97,"column":17}},"type":"if","locations":[{"start":{"line":94,"column":16},"end":{"line":97,"column":17}},{"start":{},"end":{}}],"line":94},"7":{"loc":{"start":{"line":102,"column":16},"end":{"line":150,"column":17}},"type":"if","locations":[{"start":{"line":102,"column":16},"end":{"line":150,"column":17}},{"start":{},"end":{}}],"line":102},"8":{"loc":{"start":{"line":102,"column":20},"end":{"line":102,"column":65}},"type":"binary-expr","locations":[{"start":{"line":102,"column":20},"end":{"line":102,"column":33}},{"start":{"line":102,"column":37},"end":{"line":102,"column":65}}],"line":102},"9":{"loc":{"start":{"line":107,"column":24},"end":{"line":131,"column":25}},"type":"if","locations":[{"start":{"line":107,"column":24},"end":{"line":131,"column":25}},{"start":{},"end":{}}],"line":107},"10":{"loc":{"start":{"line":107,"column":28},"end":{"line":107,"column":50}},"type":"binary-expr","locations":[{"start":{"line":107,"column":28},"end":{"line":107,"column":39}},{"start":{"line":107,"column":43},"end":{"line":107,"column":50}}],"line":107},"11":{"loc":{"start":{"line":116,"column":28},"end":{"line":130,"column":29}},"type":"if","locations":[{"start":{"line":116,"column":28},"end":{"line":130,"column":29}},{"start":{"line":118,"column":35},"end":{"line":130,"column":29}}],"line":116},"12":{"loc":{"start":{"line":124,"column":54},"end":{"line":124,"column":82}},"type":"binary-expr","locations":[{"start":{"line":124,"column":54},"end":{"line":124,"column":69}},{"start":{"line":124,"column":73},"end":{"line":124,"column":82}}],"line":124},"13":{"loc":{"start":{"line":125,"column":53},"end":{"line":125,"column":82}},"type":"binary-expr","locations":[{"start":{"line":125,"column":53},"end":{"line":125,"column":61}},{"start":{"line":125,"column":65},"end":{"line":125,"column":82}}],"line":125},"14":{"loc":{"start":{"line":129,"column":32},"end":{"line":129,"column":81}},"type":"if","locations":[{"start":{"line":129,"column":32},"end":{"line":129,"column":81}},{"start":{},"end":{}}],"line":129},"15":{"loc":{"start":{"line":129,"column":36},"end":{"line":129,"column":57}},"type":"binary-expr","locations":[{"start":{"line":129,"column":36},"end":{"line":129,"column":48}},{"start":{"line":129,"column":52},"end":{"line":129,"column":57}}],"line":129},"16":{"loc":{"start":{"line":134,"column":24},"end":{"line":148,"column":25}},"type":"if","locations":[{"start":{"line":134,"column":24},"end":{"line":148,"column":25}},{"start":{},"end":{}}],"line":134},"17":{"loc":{"start":{"line":140,"column":42},"end":{"line":140,"column":62}},"type":"binary-expr","locations":[{"start":{"line":140,"column":42},"end":{"line":140,"column":57}},{"start":{"line":140,"column":61},"end":{"line":140,"column":62}}],"line":140},"18":{"loc":{"start":{"line":141,"column":42},"end":{"line":141,"column":63}},"type":"binary-expr","locations":[{"start":{"line":141,"column":42},"end":{"line":141,"column":57}},{"start":{"line":141,"column":61},"end":{"line":141,"column":63}}],"line":141},"19":{"loc":{"start":{"line":142,"column":50},"end":{"line":142,"column":79}},"type":"binary-expr","locations":[{"start":{"line":142,"column":50},"end":{"line":142,"column":73}},{"start":{"line":142,"column":77},"end":{"line":142,"column":79}}],"line":142},"20":{"loc":{"start":{"line":143,"column":51},"end":{"line":143,"column":80}},"type":"binary-expr","locations":[{"start":{"line":143,"column":51},"end":{"line":143,"column":75}},{"start":{"line":143,"column":79},"end":{"line":143,"column":80}}],"line":143},"21":{"loc":{"start":{"line":144,"column":49},"end":{"line":144,"column":72}},"type":"binary-expr","locations":[{"start":{"line":144,"column":49},"end":{"line":144,"column":63}},{"start":{"line":144,"column":67},"end":{"line":144,"column":72}}],"line":144},"22":{"loc":{"start":{"line":147,"column":28},"end":{"line":147,"column":104}},"type":"if","locations":[{"start":{"line":147,"column":28},"end":{"line":147,"column":104}},{"start":{},"end":{}}],"line":147},"23":{"loc":{"start":{"line":173,"column":8},"end":{"line":173,"column":31}},"type":"if","locations":[{"start":{"line":173,"column":8},"end":{"line":173,"column":31}},{"start":{},"end":{}}],"line":173}},"s":{"0":3,"1":3,"2":2,"3":2,"4":2,"5":2,"6":1,"7":1,"8":1,"9":1,"10":3,"11":2,"12":2,"13":2,"14":2,"15":2,"16":0,"17":2,"18":1,"19":1,"20":0,"21":3,"22":1,"23":1,"24":1,"25":1,"26":1,"27":0,"28":1,"29":1,"30":0,"31":0,"32":0,"33":0,"34":0,"35":0,"36":0,"37":0,"38":0,"39":0,"40":0,"41":0,"42":0,"43":0,"44":0,"45":0,"46":0,"47":0,"48":0,"49":0,"50":1,"51":0,"52":0,"53":3,"54":1,"55":1,"56":1,"57":1,"58":1,"59":0,"60":1,"61":0,"62":3},"f":{"0":2,"1":2,"2":1,"3":1},"b":{"0":[1,1],"1":[0,2],"2":[1,1],"3":[0,1],"4":[0,1],"5":[1,1,1],"6":[0,0],"7":[0,0],"8":[0,0],"9":[0,0],"10":[0,0],"11":[0,0],"12":[0,0],"13":[0,0],"14":[0,0],"15":[0,0],"16":[0,0],"17":[0,0],"18":[0,0],"19":[0,0],"20":[0,0],"21":[0,0],"22":[0,0],"23":[0,1]},"_coverageSchema":"1a1c01bbd47fc00a2c39e90264f33305004495a9","hash":"c8802faf2bbbc7cb1bb826eddec9d009e777fbcf"}
,"E:\\DUOC\\david\\backend-definitivo-coachai\\src\\controllers\\sessionController.js": {"path":"E:\\DUOC\\david\\backend-definitivo-coachai\\src\\controllers\\sessionController.js","statementMap":{"0":{"start":{"line":1,"column":17},"end":{"line":1,"column":52}},"1":{"start":{"line":3,"column":20},"end":{"line":19,"column":1}},"2":{"start":{"line":4,"column":19},"end":{"line":4,"column":30}},"3":{"start":{"line":5,"column":28},"end":{"line":15,"column":50}},"4":{"start":{"line":17,"column":4},"end":{"line":17,"column":69}},"5":{"start":{"line":17,"column":15},"end":{"line":17,"column":69}},"6":{"start":{"line":18,"column":4},"end":{"line":18,"column":19}},"7":{"start":{"line":21,"column":22},"end":{"line":76,"column":1}},"8":{"start":{"line":22,"column":19},"end":{"line":22,"column":30}},"9":{"start":{"line":23,"column":111},"end":{"line":23,"column":119}},"10":{"start":{"line":25,"column":4},"end":{"line":75,"column":5}},"11":{"start":{"line":27,"column":52},"end":{"line":41,"column":21}},"12":{"start":{"line":43,"column":8},"end":{"line":43,"column":39}},"13":{"start":{"line":43,"column":23},"end":{"line":43,"column":39}},"14":{"start":{"line":46,"column":24},"end":{"line":46,"column":26}},"15":{"start":{"line":47,"column":8},"end":{"line":60,"column":11}},"16":{"start":{"line":48,"column":12},"end":{"line":59,"column":15}},"17":{"start":{"line":49,"column":16},"end":{"line":58,"column":17}},"18":{"start":{"line":50,"column":20},"end":{"line":57,"column":23}},"19":{"start":{"line":62,"column":8},"end":{"line":68,"column":9}},"20":{"start":{"line":63,"column":41},"end":{"line":65,"column":32}},"21":{"start":{"line":67,"column":12},"end":{"line":67,"column":43}},"22":{"start":{"line":67,"column":27},"end":{"line":67,"column":43}},"23":{"start":{"line":70,"column":8},"end":{"line":70,"column":70}},"24":{"start":{"line":73,"column":8},"end":{"line":73,"column":54}},"25":{"start":{"line":74,"column":8},"end":{"line":74,"column":55}},"26":{"start":{"line":78,"column":22},"end":{"line":94,"column":1}},"27":{"start":{"line":79,"column":19},"end":{"line":79,"column":30}},"28":{"start":{"line":80,"column":19},"end":{"line":80,"column":29}},"29":{"start":{"line":82,"column":4},"end":{"line":93,"column":5}},"30":{"start":{"line":83,"column":26},"end":{"line":87,"column":34}},"31":{"start":{"line":89,"column":8},"end":{"line":89,"column":31}},"32":{"start":{"line":89,"column":19},"end":{"line":89,"column":31}},"33":{"start":{"line":90,"column":8},"end":{"line":90,"column":64}},"34":{"start":{"line":92,"column":8},"end":{"line":92,"column":55}},"35":{"start":{"line":96,"column":22},"end":{"line":121,"column":1}},"36":{"start":{"line":97,"column":19},"end":{"line":97,"column":30}},"37":{"start":{"line":98,"column":19},"end":{"line":98,"column":29}},"38":{"start":{"line":99,"column":71},"end":{"line":99,"column":79}},"39":{"start":{"line":101,"column":4},"end":{"line":120,"column":5}},"40":{"start":{"line":102,"column":32},"end":{"line":114,"column":21}},"41":{"start":{"line":116,"column":8},"end":{"line":116,"column":31}},"42":{"start":{"line":116,"column":19},"end":{"line":116,"column":31}},"43":{"start":{"line":117,"column":8},"end":{"line":117,"column":81}},"44":{"start":{"line":119,"column":8},"end":{"line":119,"column":55}},"45":{"start":{"line":123,"column":0},"end":{"line":128,"column":2}}},"fnMap":{"0":{"name":"(anonymous_0)","decl":{"start":{"line":3,"column":20},"end":{"line":3,"column":21}},"loc":{"start":{"line":3,"column":40},"end":{"line":19,"column":1}},"line":3},"1":{"name":"(anonymous_1)","decl":{"start":{"line":21,"column":22},"end":{"line":21,"column":23}},"loc":{"start":{"line":21,"column":42},"end":{"line":76,"column":1}},"line":21},"2":{"name":"(anonymous_2)","decl":{"start":{"line":47,"column":26},"end":{"line":47,"column":27}},"loc":{"start":{"line":47,"column":32},"end":{"line":60,"column":9}},"line":47},"3":{"name":"(anonymous_3)","decl":{"start":{"line":48,"column":28},"end":{"line":48,"column":29}},"loc":{"start":{"line":48,"column":42},"end":{"line":59,"column":13}},"line":48},"4":{"name":"(anonymous_4)","decl":{"start":{"line":78,"column":22},"end":{"line":78,"column":23}},"loc":{"start":{"line":78,"column":42},"end":{"line":94,"column":1}},"line":78},"5":{"name":"(anonymous_5)","decl":{"start":{"line":96,"column":22},"end":{"line":96,"column":23}},"loc":{"start":{"line":96,"column":42},"end":{"line":121,"column":1}},"line":96}},"branchMap":{"0":{"loc":{"start":{"line":17,"column":4},"end":{"line":17,"column":69}},"type":"if","locations":[{"start":{"line":17,"column":4},"end":{"line":17,"column":69}},{"start":{},"end":{}}],"line":17},"1":{"loc":{"start":{"line":43,"column":8},"end":{"line":43,"column":39}},"type":"if","locations":[{"start":{"line":43,"column":8},"end":{"line":43,"column":39}},{"start":{},"end":{}}],"line":43},"2":{"loc":{"start":{"line":49,"column":16},"end":{"line":58,"column":17}},"type":"if","locations":[{"start":{"line":49,"column":16},"end":{"line":58,"column":17}},{"start":{},"end":{}}],"line":49},"3":{"loc":{"start":{"line":62,"column":8},"end":{"line":68,"column":9}},"type":"if","locations":[{"start":{"line":62,"column":8},"end":{"line":68,"column":9}},{"start":{},"end":{}}],"line":62},"4":{"loc":{"start":{"line":67,"column":12},"end":{"line":67,"column":43}},"type":"if","locations":[{"start":{"line":67,"column":12},"end":{"line":67,"column":43}},{"start":{},"end":{}}],"line":67},"5":{"loc":{"start":{"line":89,"column":8},"end":{"line":89,"column":31}},"type":"if","locations":[{"start":{"line":89,"column":8},"end":{"line":89,"column":31}},{"start":{},"end":{}}],"line":89},"6":{"loc":{"start":{"line":116,"column":8},"end":{"line":116,"column":31}},"type":"if","locations":[{"start":{"line":116,"column":8},"end":{"line":116,"column":31}},{"start":{},"end":{}}],"line":116}},"s":{"0":3,"1":3,"2":2,"3":2,"4":2,"5":1,"6":1,"7":3,"8":1,"9":1,"10":1,"11":1,"12":1,"13":0,"14":1,"15":1,"16":0,"17":0,"18":0,"19":1,"20":0,"21":0,"22":0,"23":1,"24":0,"25":0,"26":3,"27":1,"28":1,"29":1,"30":1,"31":1,"32":0,"33":1,"34":0,"35":3,"36":1,"37":1,"38":1,"39":1,"40":1,"41":1,"42":0,"43":1,"44":0,"45":3},"f":{"0":2,"1":1,"2":0,"3":0,"4":1,"5":1},"b":{"0":[1,1],"1":[0,1],"2":[0,0],"3":[0,1],"4":[0,0],"5":[0,1],"6":[0,1]},"_coverageSchema":"1a1c01bbd47fc00a2c39e90264f33305004495a9","hash":"4c4473cec3158de40ac3641380aa428e6acaef78"}
,"E:\\DUOC\\david\\backend-definitivo-coachai\\src\\controllers\\trainingController.js": {"path":"E:\\DUOC\\david\\backend-definitivo-coachai\\src\\controllers\\trainingController.js","statementMap":{"0":{"start":{"line":1,"column":17},"end":{"line":1,"column":52}},"1":{"start":{"line":4,"column":24},"end":{"line":58,"column":1}},"2":{"start":{"line":5,"column":4},"end":{"line":57,"column":5}},"3":{"start":{"line":6,"column":23},"end":{"line":6,"column":34}},"4":{"start":{"line":7,"column":30},"end":{"line":7,"column":39}},"5":{"start":{"line":9,"column":20},"end":{"line":22,"column":54}},"6":{"start":{"line":24,"column":8},"end":{"line":26,"column":9}},"7":{"start":{"line":25,"column":12},"end":{"line":25,"column":46}},"8":{"start":{"line":28,"column":42},"end":{"line":28,"column":53}},"9":{"start":{"line":30,"column":8},"end":{"line":32,"column":9}},"10":{"start":{"line":31,"column":12},"end":{"line":31,"column":113}},"11":{"start":{"line":34,"column":30},"end":{"line":34,"column":41}},"12":{"start":{"line":36,"column":25},"end":{"line":36,"column":114}},"13":{"start":{"line":36,"column":62},"end":{"line":36,"column":80}},"14":{"start":{"line":38,"column":35},"end":{"line":46,"column":11}},"15":{"start":{"line":38,"column":73},"end":{"line":46,"column":9}},"16":{"start":{"line":48,"column":8},"end":{"line":52,"column":11}},"17":{"start":{"line":55,"column":8},"end":{"line":55,"column":56}},"18":{"start":{"line":56,"column":8},"end":{"line":56,"column":79}},"19":{"start":{"line":61,"column":23},"end":{"line":96,"column":1}},"20":{"start":{"line":62,"column":4},"end":{"line":95,"column":5}},"21":{"start":{"line":63,"column":23},"end":{"line":63,"column":34}},"22":{"start":{"line":64,"column":63},"end":{"line":64,"column":71}},"23":{"start":{"line":66,"column":8},"end":{"line":68,"column":9}},"24":{"start":{"line":67,"column":12},"end":{"line":67,"column":99}},"25":{"start":{"line":70,"column":23},"end":{"line":70,"column":34}},"26":{"start":{"line":71,"column":22},"end":{"line":71,"column":39}},"27":{"start":{"line":72,"column":35},"end":{"line":72,"column":36}},"28":{"start":{"line":74,"column":8},"end":{"line":80,"column":9}},"29":{"start":{"line":75,"column":12},"end":{"line":75,"column":39}},"30":{"start":{"line":76,"column":12},"end":{"line":76,"column":93}},"31":{"start":{"line":77,"column":15},"end":{"line":80,"column":9}},"32":{"start":{"line":78,"column":12},"end":{"line":78,"column":40}},"33":{"start":{"line":79,"column":12},"end":{"line":79,"column":111}},"34":{"start":{"line":85,"column":8},"end":{"line":90,"column":11}},"35":{"start":{"line":93,"column":8},"end":{"line":93,"column":55}},"36":{"start":{"line":94,"column":8},"end":{"line":94,"column":86}},"37":{"start":{"line":98,"column":0},"end":{"line":101,"column":2}}},"fnMap":{"0":{"name":"(anonymous_0)","decl":{"start":{"line":4,"column":24},"end":{"line":4,"column":25}},"loc":{"start":{"line":4,"column":44},"end":{"line":58,"column":1}},"line":4},"1":{"name":"(anonymous_1)","decl":{"start":{"line":36,"column":57},"end":{"line":36,"column":58}},"loc":{"start":{"line":36,"column":62},"end":{"line":36,"column":80}},"line":36},"2":{"name":"(anonymous_2)","decl":{"start":{"line":38,"column":66},"end":{"line":38,"column":67}},"loc":{"start":{"line":38,"column":73},"end":{"line":46,"column":9}},"line":38},"3":{"name":"(anonymous_3)","decl":{"start":{"line":61,"column":23},"end":{"line":61,"column":24}},"loc":{"start":{"line":61,"column":43},"end":{"line":96,"column":1}},"line":61}},"branchMap":{"0":{"loc":{"start":{"line":24,"column":8},"end":{"line":26,"column":9}},"type":"if","locations":[{"start":{"line":24,"column":8},"end":{"line":26,"column":9}},{"start":{},"end":{}}],"line":24},"1":{"loc":{"start":{"line":30,"column":8},"end":{"line":32,"column":9}},"type":"if","locations":[{"start":{"line":30,"column":8},"end":{"line":32,"column":9}},{"start":{},"end":{}}],"line":30},"2":{"loc":{"start":{"line":30,"column":12},"end":{"line":30,"column":55}},"type":"binary-expr","locations":[{"start":{"line":30,"column":12},"end":{"line":30,"column":17}},{"start":{"line":30,"column":21},"end":{"line":30,"column":30}},{"start":{"line":30,"column":34},"end":{"line":30,"column":55}}],"line":30},"3":{"loc":{"start":{"line":36,"column":25},"end":{"line":36,"column":114}},"type":"binary-expr","locations":[{"start":{"line":36,"column":25},"end":{"line":36,"column":81}},{"start":{"line":36,"column":85},"end":{"line":36,"column":114}}],"line":36},"4":{"loc":{"start":{"line":41,"column":18},"end":{"line":41,"column":62}},"type":"binary-expr","locations":[{"start":{"line":41,"column":18},"end":{"line":41,"column":35}},{"start":{"line":41,"column":39},"end":{"line":41,"column":62}}],"line":41},"5":{"loc":{"start":{"line":44,"column":20},"end":{"line":44,"column":41}},"type":"binary-expr","locations":[{"start":{"line":44,"column":20},"end":{"line":44,"column":36}},{"start":{"line":44,"column":40},"end":{"line":44,"column":41}}],"line":44},"6":{"loc":{"start":{"line":45,"column":19},"end":{"line":45,"column":33}},"type":"binary-expr","locations":[{"start":{"line":45,"column":19},"end":{"line":45,"column":27}},{"start":{"line":45,"column":31},"end":{"line":45,"column":33}}],"line":45},"7":{"loc":{"start":{"line":66,"column":8},"end":{"line":68,"column":9}},"type":"if","locations":[{"start":{"line":66,"column":8},"end":{"line":68,"column":9}},{"start":{},"end":{}}],"line":66},"8":{"loc":{"start":{"line":66,"column":12},"end":{"line":66,"column":32}},"type":"binary-expr","locations":[{"start":{"line":66,"column":12},"end":{"line":66,"column":24}},{"start":{"line":66,"column":28},"end":{"line":66,"column":32}}],"line":66},"9":{"loc":{"start":{"line":74,"column":8},"end":{"line":80,"column":9}},"type":"if","locations":[{"start":{"line":74,"column":8},"end":{"line":80,"column":9}},{"start":{"line":77,"column":15},"end":{"line":80,"column":9}}],"line":74},"10":{"loc":{"start":{"line":77,"column":15},"end":{"line":80,"column":9}},"type":"if","locations":[{"start":{"line":77,"column":15},"end":{"line":80,"column":9}},{"start":{},"end":{}}],"line":77}},"s":{"0":3,"1":3,"2":2,"3":2,"4":2,"5":2,"6":2,"7":0,"8":2,"9":2,"10":1,"11":1,"12":1,"13":1,"14":1,"15":1,"16":1,"17":0,"18":0,"19":3,"20":4,"21":4,"22":4,"23":4,"24":1,"25":3,"26":3,"27":3,"28":3,"29":1,"30":1,"31":2,"32":1,"33":1,"34":3,"35":0,"36":0,"37":3},"f":{"0":2,"1":1,"2":1,"3":4},"b":{"0":[0,2],"1":[1,1],"2":[2,2,2],"3":[1,0],"4":[1,0],"5":[1,0],"6":[1,0],"7":[1,3],"8":[4,3],"9":[1,2],"10":[1,1]},"_coverageSchema":"1a1c01bbd47fc00a2c39e90264f33305004495a9","hash":"b5c913e4c97508d70442b90f752050d281ecad7e"}
,"E:\\DUOC\\david\\backend-definitivo-coachai\\src\\middleware\\auth.js": {"path":"E:\\DUOC\\david\\backend-definitivo-coachai\\src\\middleware\\auth.js","statementMap":{"0":{"start":{"line":5,"column":17},"end":{"line":5,"column":52}},"1":{"start":{"line":7,"column":25},"end":{"line":44,"column":1}},"2":{"start":{"line":9,"column":23},"end":{"line":9,"column":48}},"3":{"start":{"line":11,"column":4},"end":{"line":14,"column":5}},"4":{"start":{"line":12,"column":8},"end":{"line":12,"column":82}},"5":{"start":{"line":13,"column":8},"end":{"line":13,"column":105}},"6":{"start":{"line":17,"column":18},"end":{"line":17,"column":42}},"7":{"start":{"line":19,"column":4},"end":{"line":21,"column":5}},"8":{"start":{"line":20,"column":8},"end":{"line":20,"column":95}},"9":{"start":{"line":23,"column":4},"end":{"line":43,"column":5}},"10":{"start":{"line":26,"column":42},"end":{"line":26,"column":76}},"11":{"start":{"line":28,"column":8},"end":{"line":31,"column":9}},"12":{"start":{"line":29,"column":12},"end":{"line":29,"column":73}},"13":{"start":{"line":30,"column":12},"end":{"line":30,"column":99}},"14":{"start":{"line":35,"column":8},"end":{"line":35,"column":24}},"15":{"start":{"line":38,"column":8},"end":{"line":38,"column":15}},"16":{"start":{"line":41,"column":8},"end":{"line":41,"column":75}},"17":{"start":{"line":42,"column":8},"end":{"line":42,"column":98}},"18":{"start":{"line":46,"column":0},"end":{"line":46,"column":34}}},"fnMap":{"0":{"name":"(anonymous_0)","decl":{"start":{"line":7,"column":25},"end":{"line":7,"column":26}},"loc":{"start":{"line":7,"column":51},"end":{"line":44,"column":1}},"line":7}},"branchMap":{"0":{"loc":{"start":{"line":11,"column":4},"end":{"line":14,"column":5}},"type":"if","locations":[{"start":{"line":11,"column":4},"end":{"line":14,"column":5}},{"start":{},"end":{}}],"line":11},"1":{"loc":{"start":{"line":19,"column":4},"end":{"line":21,"column":5}},"type":"if","locations":[{"start":{"line":19,"column":4},"end":{"line":21,"column":5}},{"start":{},"end":{}}],"line":19},"2":{"loc":{"start":{"line":28,"column":8},"end":{"line":31,"column":9}},"type":"if","locations":[{"start":{"line":28,"column":8},"end":{"line":31,"column":9}},{"start":{},"end":{}}],"line":28},"3":{"loc":{"start":{"line":28,"column":12},"end":{"line":28,"column":26}},"type":"binary-expr","locations":[{"start":{"line":28,"column":12},"end":{"line":28,"column":17}},{"start":{"line":28,"column":21},"end":{"line":28,"column":26}}],"line":28}},"s":{"0":3,"1":3,"2":14,"3":14,"4":11,"5":11,"6":3,"7":3,"8":1,"9":2,"10":2,"11":2,"12":1,"13":1,"14":1,"15":1,"16":0,"17":0,"18":3},"f":{"0":14},"b":{"0":[11,3],"1":[1,2],"2":[1,1],"3":[2,1]},"_coverageSchema":"1a1c01bbd47fc00a2c39e90264f33305004495a9","hash":"522ad3513e62c0a17666d5efe093869d35ff60c0"}
,"E:\\DUOC\\david\\backend-definitivo-coachai\\src\\routes\\ai.js": {"path":"E:\\DUOC\\david\\backend-definitivo-coachai\\src\\routes\\ai.js","statementMap":{"0":{"start":{"line":1,"column":16},"end":{"line":1,"column":34}},"1":{"start":{"line":2,"column":15},"end":{"line":2,"column":31}},"2":{"start":{"line":6,"column":21},"end":{"line":6,"column":59}},"3":{"start":{"line":7,"column":29},"end":{"line":7,"column":75}},"4":{"start":{"line":8,"column":23},"end":{"line":8,"column":52}},"5":{"start":{"line":16,"column":0},"end":{"line":16,"column":27}},"6":{"start":{"line":20,"column":0},"end":{"line":20,"column":40}},"7":{"start":{"line":24,"column":0},"end":{"line":24,"column":61}},"8":{"start":{"line":28,"column":0},"end":{"line":28,"column":62}},"9":{"start":{"line":31,"column":0},"end":{"line":31,"column":24}}},"fnMap":{},"branchMap":{},"s":{"0":2,"1":2,"2":2,"3":2,"4":2,"5":2,"6":2,"7":2,"8":2,"9":2},"f":{},"b":{},"_coverageSchema":"1a1c01bbd47fc00a2c39e90264f33305004495a9","hash":"5922ca61d9bb82194f8c2f4acb222f045b9f2d2b"}
,"E:\\DUOC\\david\\backend-definitivo-coachai\\src\\routes\\auth.routes.js": {"path":"E:\\DUOC\\david\\backend-definitivo-coachai\\src\\routes\\auth.routes.js","statementMap":{"0":{"start":{"line":1,"column":16},"end":{"line":1,"column":34}},"1":{"start":{"line":2,"column":15},"end":{"line":2,"column":31}},"2":{"start":{"line":3,"column":23},"end":{"line":3,"column":64}},"3":{"start":{"line":5,"column":0},"end":{"line":5,"column":44}},"4":{"start":{"line":6,"column":0},"end":{"line":6,"column":50}},"5":{"start":{"line":8,"column":0},"end":{"line":8,"column":24}}},"fnMap":{},"branchMap":{},"s":{"0":2,"1":2,"2":2,"3":2,"4":2,"5":2},"f":{},"b":{},"_coverageSchema":"1a1c01bbd47fc00a2c39e90264f33305004495a9","hash":"5d0d16f670a2e7edafd582d6af44a0edd019632b"}
,"E:\\DUOC\\david\\backend-definitivo-coachai\\src\\routes\\exercises.js": {"path":"E:\\DUOC\\david\\backend-definitivo-coachai\\src\\routes\\exercises.js","statementMap":{"0":{"start":{"line":1,"column":16},"end":{"line":1,"column":34}},"1":{"start":{"line":2,"column":15},"end":{"line":2,"column":31}},"2":{"start":{"line":3,"column":27},"end":{"line":3,"column":71}},"3":{"start":{"line":4,"column":23},"end":{"line":4,"column":52}},"4":{"start":{"line":6,"column":0},"end":{"line":6,"column":27}},"5":{"start":{"line":8,"column":0},"end":{"line":8,"column":52}},"6":{"start":{"line":9,"column":0},"end":{"line":9,"column":52}},"7":{"start":{"line":12,"column":0},"end":{"line":12,"column":24}}},"fnMap":{},"branchMap":{},"s":{"0":2,"1":2,"2":2,"3":2,"4":2,"5":2,"6":2,"7":2},"f":{},"b":{},"_coverageSchema":"1a1c01bbd47fc00a2c39e90264f33305004495a9","hash":"7073f614448e0023f84e5460249cbd37721c0949"}
,"E:\\DUOC\\david\\backend-definitivo-coachai\\src\\routes\\routines.js": {"path":"E:\\DUOC\\david\\backend-definitivo-coachai\\src\\routes\\routines.js","statementMap":{"0":{"start":{"line":1,"column":16},"end":{"line":1,"column":34}},"1":{"start":{"line":2,"column":15},"end":{"line":2,"column":31}},"2":{"start":{"line":9,"column":26},"end":{"line":9,"column":69}},"3":{"start":{"line":10,"column":23},"end":{"line":10,"column":52}},"4":{"start":{"line":14,"column":0},"end":{"line":14,"column":27}},"5":{"start":{"line":23,"column":0},"end":{"line":23,"column":50}},"6":{"start":{"line":27,"column":0},"end":{"line":27,"column":53}},"7":{"start":{"line":31,"column":0},"end":{"line":31,"column":50}},"8":{"start":{"line":35,"column":0},"end":{"line":35,"column":55}},"9":{"start":{"line":38,"column":0},"end":{"line":38,"column":24}}},"fnMap":{},"branchMap":{},"s":{"0":2,"1":2,"2":2,"3":2,"4":2,"5":2,"6":2,"7":2,"8":2,"9":2},"f":{},"b":{},"_coverageSchema":"1a1c01bbd47fc00a2c39e90264f33305004495a9","hash":"d4e7fadd319adc07c58d824b40d682a171153a66"}
,"E:\\DUOC\\david\\backend-definitivo-coachai\\src\\routes\\sessions.js": {"path":"E:\\DUOC\\david\\backend-definitivo-coachai\\src\\routes\\sessions.js","statementMap":{"0":{"start":{"line":1,"column":16},"end":{"line":1,"column":34}},"1":{"start":{"line":2,"column":15},"end":{"line":2,"column":31}},"2":{"start":{"line":3,"column":26},"end":{"line":3,"column":69}},"3":{"start":{"line":4,"column":23},"end":{"line":4,"column":52}},"4":{"start":{"line":6,"column":0},"end":{"line":6,"column":27}},"5":{"start":{"line":8,"column":0},"end":{"line":8,"column":47}},"6":{"start":{"line":9,"column":0},"end":{"line":9,"column":50}},"7":{"start":{"line":10,"column":0},"end":{"line":10,"column":55}},"8":{"start":{"line":11,"column":0},"end":{"line":11,"column":52}},"9":{"start":{"line":13,"column":0},"end":{"line":13,"column":24}}},"fnMap":{},"branchMap":{},"s":{"0":2,"1":2,"2":2,"3":2,"4":2,"5":2,"6":2,"7":2,"8":2,"9":2},"f":{},"b":{},"_coverageSchema":"1a1c01bbd47fc00a2c39e90264f33305004495a9","hash":"9db576902b961a6465aa9b005876445abe2a35b7"}
,"E:\\DUOC\\david\\backend-definitivo-coachai\\src\\routes\\training.js": {"path":"E:\\DUOC\\david\\backend-definitivo-coachai\\src\\routes\\training.js","statementMap":{"0":{"start":{"line":1,"column":16},"end":{"line":1,"column":34}},"1":{"start":{"line":2,"column":15},"end":{"line":2,"column":31}},"2":{"start":{"line":3,"column":27},"end":{"line":3,"column":71}},"3":{"start":{"line":4,"column":23},"end":{"line":4,"column":52}},"4":{"start":{"line":6,"column":0},"end":{"line":6,"column":27}},"5":{"start":{"line":8,"column":0},"end":{"line":8,"column":55}},"6":{"start":{"line":9,"column":0},"end":{"line":9,"column":60}},"7":{"start":{"line":11,"column":0},"end":{"line":11,"column":24}}},"fnMap":{},"branchMap":{},"s":{"0":2,"1":2,"2":2,"3":2,"4":2,"5":2,"6":2,"7":2},"f":{},"b":{},"_coverageSchema":"1a1c01bbd47fc00a2c39e90264f33305004495a9","hash":"6cbbc0eb10e80803caae1bc2237a26d384a35607"}
,"E:\\DUOC\\david\\backend-definitivo-coachai\\src\\services\\aiService.js": {"path":"E:\\DUOC\\david\\backend-definitivo-coachai\\src\\services\\aiService.js","statementMap":{"0":{"start":{"line":1,"column":15},"end":{"line":1,"column":32}},"1":{"start":{"line":3,"column":15},"end":{"line":5,"column":2}},"2":{"start":{"line":7,"column":22},"end":{"line":14,"column":1}},"3":{"start":{"line":16,"column":19},"end":{"line":31,"column":1}},"4":{"start":{"line":17,"column":4},"end":{"line":30,"column":5}},"5":{"start":{"line":18,"column":25},"end":{"line":25,"column":10}},"6":{"start":{"line":26,"column":8},"end":{"line":26,"column":51}},"7":{"start":{"line":28,"column":8},"end":{"line":28,"column":46}},"8":{"start":{"line":29,"column":8},"end":{"line":29,"column":58}},"9":{"start":{"line":33,"column":28},"end":{"line":85,"column":1}},"10":{"start":{"line":35,"column":19},"end":{"line":67,"column":3}},"11":{"start":{"line":69,"column":4},"end":{"line":84,"column":5}},"12":{"start":{"line":70,"column":25},"end":{"line":78,"column":10}},"13":{"start":{"line":80,"column":8},"end":{"line":80,"column":63}},"14":{"start":{"line":82,"column":8},"end":{"line":82,"column":51}},"15":{"start":{"line":83,"column":8},"end":{"line":83,"column":53}},"16":{"start":{"line":87,"column":0},"end":{"line":90,"column":2}}},"fnMap":{"0":{"name":"(anonymous_0)","decl":{"start":{"line":16,"column":19},"end":{"line":16,"column":20}},"loc":{"start":{"line":16,"column":39},"end":{"line":31,"column":1}},"line":16},"1":{"name":"(anonymous_1)","decl":{"start":{"line":33,"column":28},"end":{"line":33,"column":29}},"loc":{"start":{"line":33,"column":65},"end":{"line":85,"column":1}},"line":33}},"branchMap":{"0":{"loc":{"start":{"line":39,"column":13},"end":{"line":39,"column":56}},"type":"binary-expr","locations":[{"start":{"line":39,"column":13},"end":{"line":39,"column":38}},{"start":{"line":39,"column":42},"end":{"line":39,"column":56}}],"line":39},"1":{"loc":{"start":{"line":40,"column":16},"end":{"line":40,"column":45}},"type":"binary-expr","locations":[{"start":{"line":40,"column":16},"end":{"line":40,"column":32}},{"start":{"line":40,"column":36},"end":{"line":40,"column":45}}],"line":40}},"s":{"0":1,"1":1,"2":1,"3":1,"4":2,"5":2,"6":1,"7":1,"8":1,"9":1,"10":2,"11":2,"12":2,"13":1,"14":1,"15":1,"16":1},"f":{"0":2,"1":2},"b":{"0":[2,0],"1":[2,1]},"_coverageSchema":"1a1c01bbd47fc00a2c39e90264f33305004495a9","hash":"de2755b57772d3574facad677954b84187ad7521"}
}
