TN:
SF:src\app.js
FN:28,(anonymous_0)
FN:38,(anonymous_1)
FNF:2
FNH:1
FNDA:4,(anonymous_0)
FNDA:0,(anonymous_1)
DA:1,2
DA:2,2
DA:4,2
DA:7,2
DA:10,2
DA:17,2
DA:20,2
DA:21,2
DA:22,2
DA:23,2
DA:24,2
DA:25,2
DA:28,2
DA:29,4
DA:37,2
DA:38,0
DA:39,0
DA:40,0
DA:44,2
LF:19
LH:16
BRDA:7,0,0,2
BRDA:7,0,1,2
BRDA:37,1,0,0
BRDA:37,1,1,2
BRF:4
BRH:3
end_of_record
TN:
SF:src\config\supabaseClient.js
FNF:0
FNH:0
DA:1,10
DA:2,10
DA:3,10
DA:7,10
DA:8,10
DA:11,10
DA:12,10
DA:15,10
DA:16,0
DA:17,0
DA:18,0
DA:19,0
DA:20,0
DA:24,10
DA:25,0
DA:26,0
DA:29,10
DA:31,10
LF:18
LH:11
BRDA:11,0,0,10
BRDA:11,0,1,0
BRDA:12,1,0,10
BRDA:12,1,1,0
BRDA:12,1,2,0
BRDA:15,2,0,0
BRDA:15,2,1,10
BRDA:18,3,0,0
BRDA:18,3,1,0
BRDA:19,4,0,0
BRDA:19,4,1,0
BRDA:24,5,0,0
BRDA:24,5,1,10
BRDA:24,6,0,10
BRDA:24,6,1,10
BRF:15
BRH:6
end_of_record
TN:
SF:src\controllers\adjustmentController.js
FN:8,(anonymous_0)
FN:63,(anonymous_1)
FN:65,(anonymous_2)
FNF:3
FNH:3
FNDA:4,(anonymous_0)
FNDA:1,(anonymous_1)
FNDA:1,(anonymous_2)
DA:1,3
DA:2,3
DA:4,3
DA:8,3
DA:9,4
DA:10,2
DA:13,2
DA:14,2
DA:16,2
DA:17,2
DA:20,2
DA:26,2
DA:29,2
DA:44,2
DA:46,2
DA:47,1
DA:55,1
DA:63,1
DA:65,1
DA:94,1
DA:101,1
DA:103,1
DA:104,1
DA:107,0
DA:108,0
DA:112,3
LF:26
LH:24
BRDA:9,0,0,2
BRDA:9,0,1,2
BRDA:9,1,0,4
BRDA:9,1,1,3
BRDA:26,2,0,0
BRDA:26,2,1,2
BRDA:44,3,0,0
BRDA:44,3,1,2
BRDA:46,4,0,1
BRDA:46,4,1,1
BRDA:46,5,0,2
BRDA:46,5,1,2
BRF:12
BRH:10
end_of_record
TN:
SF:src\controllers\aiController.js
FN:10,(anonymous_0)
FN:66,(anonymous_1)
FNF:2
FNH:2
FNDA:2,(anonymous_0)
FNDA:2,(anonymous_1)
DA:1,3
DA:2,3
DA:5,3
DA:10,3
DA:11,2
DA:12,2
DA:15,2
DA:45,2
DA:52,1
DA:53,1
DA:60,1
DA:61,1
DA:66,3
DA:67,2
DA:69,2
DA:70,2
DA:103,2
DA:110,1
DA:113,1
DA:116,1
DA:117,1
DA:121,3
LF:22
LH:22
BRDA:75,0,0,2
BRDA:75,0,1,1
BRDA:76,1,0,2
BRDA:76,1,1,1
BRDA:77,2,0,2
BRDA:77,2,1,1
BRDA:78,3,0,2
BRDA:78,3,1,1
BRF:8
BRH:8
end_of_record
TN:
SF:src\controllers\auth.controller.js
FN:3,(anonymous_0)
FN:26,(anonymous_1)
FNF:2
FNH:2
FNDA:6,(anonymous_0)
FNDA:4,(anonymous_1)
DA:1,3
DA:3,3
DA:4,6
DA:6,6
DA:7,6
DA:12,5
DA:13,4
DA:16,1
DA:21,1
DA:22,1
DA:26,3
DA:27,4
DA:29,4
DA:30,4
DA:40,3
DA:41,2
DA:44,1
DA:46,1
DA:47,1
LF:19
LH:19
BRDA:12,0,0,4
BRDA:12,0,1,1
BRDA:40,1,0,2
BRDA:40,1,1,1
BRF:4
BRH:4
end_of_record
TN:
SF:src\controllers\exerciseController.js
FN:3,(anonymous_0)
FN:21,(anonymous_1)
FN:46,(anonymous_2)
FN:59,(anonymous_3)
FNF:4
FNH:4
FNDA:2,(anonymous_0)
FNDA:2,(anonymous_1)
FNDA:1,(anonymous_2)
FNDA:1,(anonymous_3)
DA:1,3
DA:3,3
DA:4,2
DA:5,2
DA:8,2
DA:14,2
DA:15,1
DA:17,1
DA:21,3
DA:22,2
DA:23,2
DA:24,2
DA:26,2
DA:38,2
DA:39,1
DA:41,1
DA:46,3
DA:47,1
DA:48,1
DA:49,1
DA:55,1
DA:56,1
DA:59,3
DA:60,1
DA:61,1
DA:62,1
DA:68,1
DA:69,1
DA:72,3
LF:29
LH:29
BRDA:14,0,0,1
BRDA:14,0,1,1
BRDA:38,1,0,1
BRDA:38,1,1,1
BRDA:55,2,0,0
BRDA:55,2,1,1
BRDA:68,3,0,0
BRDA:68,3,1,1
BRF:8
BRH:6
end_of_record
TN:
SF:src\controllers\routineController.js
FN:11,(anonymous_0)
FN:39,(anonymous_1)
FN:70,(anonymous_2)
FN:162,(anonymous_3)
FNF:4
FNH:4
FNDA:2,(anonymous_0)
FNDA:2,(anonymous_1)
FNDA:1,(anonymous_2)
FNDA:1,(anonymous_3)
DA:3,3
DA:11,3
DA:12,2
DA:13,2
DA:15,2
DA:30,2
DA:31,1
DA:33,1
DA:34,1
DA:39,3
DA:40,2
DA:41,2
DA:42,2
DA:44,2
DA:60,2
DA:61,2
DA:63,1
DA:65,0
DA:70,3
DA:71,1
DA:72,1
DA:73,1
DA:76,1
DA:82,1
DA:83,1
DA:86,1
DA:87,0
DA:88,0
DA:94,0
DA:95,0
DA:96,0
DA:99,0
DA:102,0
DA:103,0
DA:104,0
DA:107,0
DA:108,0
DA:116,0
DA:117,0
DA:119,0
DA:129,0
DA:134,0
DA:135,0
DA:147,0
DA:154,1
DA:156,0
DA:157,0
DA:162,3
DA:163,1
DA:164,1
DA:165,1
DA:167,1
DA:173,1
DA:174,1
DA:176,0
DA:181,3
LF:56
LH:34
BRDA:30,0,0,1
BRDA:30,0,1,1
BRDA:60,1,0,0
BRDA:60,1,1,2
BRDA:61,2,0,1
BRDA:61,2,1,1
BRDA:82,3,0,0
BRDA:82,3,1,1
BRDA:86,4,0,0
BRDA:86,4,1,1
BRDA:86,5,0,1
BRDA:86,5,1,1
BRDA:86,5,2,1
BRDA:94,6,0,0
BRDA:94,6,1,0
BRDA:102,7,0,0
BRDA:102,7,1,0
BRDA:102,8,0,0
BRDA:102,8,1,0
BRDA:107,9,0,0
BRDA:107,9,1,0
BRDA:107,10,0,0
BRDA:107,10,1,0
BRDA:116,11,0,0
BRDA:116,11,1,0
BRDA:124,12,0,0
BRDA:124,12,1,0
BRDA:125,13,0,0
BRDA:125,13,1,0
BRDA:129,14,0,0
BRDA:129,14,1,0
BRDA:129,15,0,0
BRDA:129,15,1,0
BRDA:134,16,0,0
BRDA:134,16,1,0
BRDA:140,17,0,0
BRDA:140,17,1,0
BRDA:141,18,0,0
BRDA:141,18,1,0
BRDA:142,19,0,0
BRDA:142,19,1,0
BRDA:143,20,0,0
BRDA:143,20,1,0
BRDA:144,21,0,0
BRDA:144,21,1,0
BRDA:147,22,0,0
BRDA:147,22,1,0
BRDA:173,23,0,0
BRDA:173,23,1,1
BRF:49
BRH:11
end_of_record
TN:
SF:src\controllers\sessionController.js
FN:3,(anonymous_0)
FN:21,(anonymous_1)
FN:47,(anonymous_2)
FN:48,(anonymous_3)
FN:78,(anonymous_4)
FN:96,(anonymous_5)
FNF:6
FNH:4
FNDA:2,(anonymous_0)
FNDA:1,(anonymous_1)
FNDA:0,(anonymous_2)
FNDA:0,(anonymous_3)
FNDA:1,(anonymous_4)
FNDA:1,(anonymous_5)
DA:1,3
DA:3,3
DA:4,2
DA:5,2
DA:17,2
DA:18,1
DA:21,3
DA:22,1
DA:23,1
DA:25,1
DA:27,1
DA:43,1
DA:46,1
DA:47,1
DA:48,0
DA:49,0
DA:50,0
DA:62,1
DA:63,0
DA:67,0
DA:70,1
DA:73,0
DA:74,0
DA:78,3
DA:79,1
DA:80,1
DA:82,1
DA:83,1
DA:89,1
DA:90,1
DA:92,0
DA:96,3
DA:97,1
DA:98,1
DA:99,1
DA:101,1
DA:102,1
DA:116,1
DA:117,1
DA:119,0
DA:123,3
LF:41
LH:32
BRDA:17,0,0,1
BRDA:17,0,1,1
BRDA:43,1,0,0
BRDA:43,1,1,1
BRDA:49,2,0,0
BRDA:49,2,1,0
BRDA:62,3,0,0
BRDA:62,3,1,1
BRDA:67,4,0,0
BRDA:67,4,1,0
BRDA:89,5,0,0
BRDA:89,5,1,1
BRDA:116,6,0,0
BRDA:116,6,1,1
BRF:14
BRH:6
end_of_record
TN:
SF:src\controllers\trainingController.js
FN:4,(anonymous_0)
FN:36,(anonymous_1)
FN:38,(anonymous_2)
FN:61,(anonymous_3)
FNF:4
FNH:4
FNDA:2,(anonymous_0)
FNDA:1,(anonymous_1)
FNDA:1,(anonymous_2)
FNDA:4,(anonymous_3)
DA:1,3
DA:4,3
DA:5,2
DA:6,2
DA:7,2
DA:9,2
DA:24,2
DA:25,0
DA:28,2
DA:30,2
DA:31,1
DA:34,1
DA:36,1
DA:38,1
DA:48,1
DA:55,0
DA:56,0
DA:61,3
DA:62,4
DA:63,4
DA:64,4
DA:66,4
DA:67,1
DA:70,3
DA:71,3
DA:72,3
DA:74,3
DA:75,1
DA:76,1
DA:77,2
DA:78,1
DA:79,1
DA:85,3
DA:93,0
DA:94,0
DA:98,3
LF:36
LH:31
BRDA:24,0,0,0
BRDA:24,0,1,2
BRDA:30,1,0,1
BRDA:30,1,1,1
BRDA:30,2,0,2
BRDA:30,2,1,2
BRDA:30,2,2,2
BRDA:36,3,0,1
BRDA:36,3,1,0
BRDA:41,4,0,1
BRDA:41,4,1,0
BRDA:44,5,0,1
BRDA:44,5,1,0
BRDA:45,6,0,1
BRDA:45,6,1,0
BRDA:66,7,0,1
BRDA:66,7,1,3
BRDA:66,8,0,4
BRDA:66,8,1,3
BRDA:74,9,0,1
BRDA:74,9,1,2
BRDA:77,10,0,1
BRDA:77,10,1,1
BRF:23
BRH:18
end_of_record
TN:
SF:src\middleware\auth.js
FN:7,(anonymous_0)
FNF:1
FNH:1
FNDA:14,(anonymous_0)
DA:5,3
DA:7,3
DA:9,14
DA:11,14
DA:12,11
DA:13,11
DA:17,3
DA:19,3
DA:20,1
DA:23,2
DA:26,2
DA:28,2
DA:29,1
DA:30,1
DA:35,1
DA:38,1
DA:41,0
DA:42,0
DA:46,3
LF:19
LH:17
BRDA:11,0,0,11
BRDA:11,0,1,3
BRDA:19,1,0,1
BRDA:19,1,1,2
BRDA:28,2,0,1
BRDA:28,2,1,1
BRDA:28,3,0,2
BRDA:28,3,1,1
BRF:8
BRH:8
end_of_record
TN:
SF:src\routes\ai.js
FNF:0
FNH:0
DA:1,2
DA:2,2
DA:6,2
DA:7,2
DA:8,2
DA:16,2
DA:20,2
DA:24,2
DA:28,2
DA:31,2
LF:10
LH:10
BRF:0
BRH:0
end_of_record
TN:
SF:src\routes\auth.routes.js
FNF:0
FNH:0
DA:1,2
DA:2,2
DA:3,2
DA:5,2
DA:6,2
DA:8,2
LF:6
LH:6
BRF:0
BRH:0
end_of_record
TN:
SF:src\routes\exercises.js
FNF:0
FNH:0
DA:1,2
DA:2,2
DA:3,2
DA:4,2
DA:6,2
DA:8,2
DA:9,2
DA:12,2
LF:8
LH:8
BRF:0
BRH:0
end_of_record
TN:
SF:src\routes\routines.js
FNF:0
FNH:0
DA:1,2
DA:2,2
DA:9,2
DA:10,2
DA:14,2
DA:23,2
DA:27,2
DA:31,2
DA:35,2
DA:38,2
LF:10
LH:10
BRF:0
BRH:0
end_of_record
TN:
SF:src\routes\sessions.js
FNF:0
FNH:0
DA:1,2
DA:2,2
DA:3,2
DA:4,2
DA:6,2
DA:8,2
DA:9,2
DA:10,2
DA:11,2
DA:13,2
LF:10
LH:10
BRF:0
BRH:0
end_of_record
TN:
SF:src\routes\training.js
FNF:0
FNH:0
DA:1,2
DA:2,2
DA:3,2
DA:4,2
DA:6,2
DA:8,2
DA:9,2
DA:11,2
LF:8
LH:8
BRF:0
BRH:0
end_of_record
TN:
SF:src\services\aiService.js
FN:16,(anonymous_0)
FN:33,(anonymous_1)
FNF:2
FNH:2
FNDA:2,(anonymous_0)
FNDA:2,(anonymous_1)
DA:1,1
DA:3,1
DA:7,1
DA:16,1
DA:17,2
DA:18,2
DA:26,1
DA:28,1
DA:29,1
DA:33,1
DA:35,2
DA:69,2
DA:70,2
DA:80,1
DA:82,1
DA:83,1
DA:87,1
LF:17
LH:17
BRDA:39,0,0,2
BRDA:39,0,1,0
BRDA:40,1,0,2
BRDA:40,1,1,1
BRF:4
BRH:3
end_of_record
